OpenJDK 64-Bit Server VM warning: Archived non-system classes are disabled because the java.system.class.loader property is specified (value = "com.intellij.util.lang.PathClassLoader"). To use archived non-system classes, this property must not be set
CompileCommand: exclude com/intellij/openapi/vfs/impl/FilePartNodeRoot.trieDescend bool exclude = true
2023-01-23 11:59:50,551 [    416]   WARN - #c.i.o.e.i.FontFamilyServiceImpl - Couldn't access required runtime API, will fall back to basic logic of font selection
2023-01-23 11:59:51,569 [   1434]   WARN - #c.i.u.j.JBCefApp - JCEF runtime library is not a JBR module (Use JBR bundled with the IDE)
2023-01-23 11:59:51,824 [   1689]   WARN - #c.i.e.RunManager - Must be not called before project components initialized
2023-01-23 12:00:07,848 [  17713]   WARN - #o.j.k.i.s.r.KotlinCompilerReferenceIndexStorage - kotlin-data-container is not found
2023-01-23 12:00:16,535 [  26400]   WARN - #c.i.o.o.e.ConfigurableExtensionPointUtil - ignore deprecated groupId: language for id: preferences.language.Kotlin.scripting
2023-01-23 12:00:16,868 [  26733]   WARN - #c.i.o.o.n.SettingsTreeView$MyBuilder - 'AbstractTreeBuilder' is going to be dropped soon and must not be used
com.intellij.diagnostic.PluginException: 'AbstractTreeBuilder' is going to be dropped soon and must not be used
	at com.intellij.diagnostic.PluginProblemReporterImpl.createPluginExceptionByClass(PluginProblemReporterImpl.java:23)
	at com.intellij.diagnostic.PluginException.createByClass(PluginException.java:83)
	at com.intellij.ide.util.treeView.AbstractTreeBuilder.<init>(AbstractTreeBuilder.java:60)
	at com.intellij.ide.util.treeView.AbstractTreeBuilder.<init>(AbstractTreeBuilder.java:55)
	at com.intellij.ide.util.treeView.AbstractTreeBuilder.<init>(AbstractTreeBuilder.java:47)
	at com.intellij.ui.treeStructure.filtered.FilteringTreeBuilder.<init>(FilteringTreeBuilder.java:46)
	at com.intellij.openapi.options.newEditor.SettingsTreeView$MyBuilder.<init>(SettingsTreeView.java:931)
	at com.intellij.openapi.options.newEditor.SettingsTreeView.<init>(SettingsTreeView.java:174)
	at com.intellij.openapi.options.newEditor.SettingsDialog.treeViewFactory(SettingsDialog.java:89)
	at com.intellij.openapi.options.newEditor.SettingsEditor.<init>(SettingsEditor.java:194)
	at com.intellij.openapi.options.newEditor.SettingsDialog.<init>(SettingsDialog.java:65)
	at com.intellij.openapi.options.newEditor.SettingsDialogFactory.create(SettingsDialogFactory.java:38)
	at com.intellij.ide.actions.ShowSettingsUtilImpl.getDialog(ShowSettingsUtilImpl.java:39)
	at com.intellij.ide.actions.ShowSettingsUtilImpl.showSettingsDialog(ShowSettingsUtilImpl.java:90)
	at com.intellij.ide.actions.ShowSettingsAction.perform(ShowSettingsAction.java:60)
	at com.intellij.ide.actions.ShowSettingsAction.actionPerformed(ShowSettingsAction.java:47)
	at com.intellij.openapi.actionSystem.ex.ActionUtil.doPerformActionOrShowPopup(ActionUtil.java:323)
	at com.intellij.openapi.actionSystem.ex.ActionUtil.lambda$performActionDumbAwareWithCallbacks$4(ActionUtil.java:302)
	at com.intellij.openapi.actionSystem.ex.ActionUtil.performDumbAwareWithCallbacks(ActionUtil.java:346)
	at com.intellij.openapi.actionSystem.ex.ActionUtil.performActionDumbAwareWithCallbacks(ActionUtil.java:302)
	at com.intellij.openapi.actionSystem.impl.ActionMenuItem.lambda$performAction$5(ActionMenuItem.java:296)
	at com.intellij.openapi.wm.impl.FocusManagerImpl.runOnOwnContext(FocusManagerImpl.java:226)
	at com.intellij.openapi.actionSystem.impl.ActionMenuItem.performAction(ActionMenuItem.java:289)
	at com.intellij.openapi.actionSystem.impl.ActionMenuItem.lambda$new$0(ActionMenuItem.java:64)
	at java.desktop/javax.swing.AbstractButton.fireActionPerformed(AbstractButton.java:1972)
	at com.intellij.openapi.actionSystem.impl.ActionMenuItem.lambda$fireActionPerformed$4(ActionMenuItem.java:111)
	at com.intellij.openapi.application.TransactionGuardImpl.performActivity(TransactionGuardImpl.java:105)
	at com.intellij.openapi.application.TransactionGuardImpl.performUserActivity(TransactionGuardImpl.java:94)
	at com.intellij.openapi.actionSystem.impl.ActionMenuItem.fireActionPerformed(ActionMenuItem.java:111)
	at com.intellij.ui.plaf.beg.BegMenuItemUI.doClick(BegMenuItemUI.java:526)
	at com.intellij.ui.plaf.beg.BegMenuItemUI$MyMouseInputHandler.mouseReleased(BegMenuItemUI.java:558)
	at java.desktop/java.awt.Component.processMouseEvent(Component.java:6626)
	at java.desktop/javax.swing.JComponent.processMouseEvent(JComponent.java:3389)
	at java.desktop/java.awt.Component.processEvent(Component.java:6391)
	at java.desktop/java.awt.Container.processEvent(Container.java:2266)
	at java.desktop/java.awt.Component.dispatchEventImpl(Component.java:5001)
	at java.desktop/java.awt.Container.dispatchEventImpl(Container.java:2324)
	at java.desktop/java.awt.Component.dispatchEvent(Component.java:4833)
	at java.desktop/java.awt.LightweightDispatcher.retargetMouseEvent(Container.java:4948)
	at java.desktop/java.awt.LightweightDispatcher.processMouseEvent(Container.java:4575)
	at java.desktop/java.awt.LightweightDispatcher.dispatchEvent(Container.java:4516)
	at java.desktop/java.awt.Container.dispatchEventImpl(Container.java:2310)
	at java.desktop/java.awt.Window.dispatchEventImpl(Window.java:2780)
	at java.desktop/java.awt.Component.dispatchEvent(Component.java:4833)
	at java.desktop/java.awt.EventQueue.dispatchEventImpl(EventQueue.java:773)
	at java.desktop/java.awt.EventQueue$4.run(EventQueue.java:722)
	at java.desktop/java.awt.EventQueue$4.run(EventQueue.java:716)
	at java.base/java.security.AccessController.doPrivileged(AccessController.java:399)
	at java.base/java.security.ProtectionDomain$JavaSecurityAccessImpl.doIntersectionPrivilege(ProtectionDomain.java:86)
	at java.base/java.security.ProtectionDomain$JavaSecurityAccessImpl.doIntersectionPrivilege(ProtectionDomain.java:97)
	at java.desktop/java.awt.EventQueue$5.run(EventQueue.java:746)
	at java.desktop/java.awt.EventQueue$5.run(EventQueue.java:744)
	at java.base/java.security.AccessController.doPrivileged(AccessController.java:399)
	at java.base/java.security.ProtectionDomain$JavaSecurityAccessImpl.doIntersectionPrivilege(ProtectionDomain.java:86)
	at java.desktop/java.awt.EventQueue.dispatchEvent(EventQueue.java:743)
	at com.intellij.ide.IdeEventQueue.defaultDispatchEvent(IdeEventQueue.java:909)
	at com.intellij.ide.IdeEventQueue.dispatchMouseEvent(IdeEventQueue.java:831)
	at com.intellij.ide.IdeEventQueue._dispatchEvent(IdeEventQueue.java:753)
	at com.intellij.ide.IdeEventQueue.lambda$dispatchEvent$5(IdeEventQueue.java:437)
	at com.intellij.openapi.progress.impl.CoreProgressManager.computePrioritized(CoreProgressManager.java:772)
	at com.intellij.ide.IdeEventQueue.lambda$dispatchEvent$6(IdeEventQueue.java:436)
	at com.intellij.openapi.application.TransactionGuardImpl.performActivity(TransactionGuardImpl.java:113)
	at com.intellij.ide.IdeEventQueue.performActivity(IdeEventQueue.java:615)
	at com.intellij.ide.IdeEventQueue.lambda$dispatchEvent$7(IdeEventQueue.java:434)
	at com.intellij.openapi.application.impl.ApplicationImpl.runIntendedWriteActionOnCurrentThread(ApplicationImpl.java:813)
	at com.intellij.ide.IdeEventQueue.dispatchEvent(IdeEventQueue.java:480)
	at java.desktop/java.awt.EventDispatchThread.pumpOneEventForFilters(EventDispatchThread.java:203)
	at java.desktop/java.awt.EventDispatchThread.pumpEventsForFilter(EventDispatchThread.java:124)
	at java.desktop/java.awt.EventDispatchThread.pumpEventsForHierarchy(EventDispatchThread.java:113)
	at java.desktop/java.awt.EventDispatchThread.pumpEvents(EventDispatchThread.java:109)
	at java.desktop/java.awt.EventDispatchThread.pumpEvents(EventDispatchThread.java:101)
	at java.desktop/java.awt.EventDispatchThread.run(EventDispatchThread.java:90)
2023-01-23 12:01:15,033 [  84898]   WARN - #c.i.c.ComponentStoreImpl - Duplicated scheme IntelliJ Light - old: IntelliJ Light, new IntelliJ Light
2023-01-23 12:01:15,034 [  84899]   WARN - #c.i.c.ComponentStoreImpl - Duplicated scheme High contrast - old: High contrast, new High contrast
2023-01-23 12:01:15,034 [  84899]   WARN - #c.i.c.ComponentStoreImpl - Duplicated scheme New Dark - old: New Dark, new New Dark
2023-01-23 12:01:15,034 [  84899]   WARN - #c.i.c.ComponentStoreImpl - Duplicated scheme Dark - old: Dark, new Dark
2023-01-23 12:01:15,035 [  84900]   WARN - #c.i.c.ComponentStoreImpl - Duplicated scheme Light - old: Light, new Light
2023-01-23 12:01:15,036 [  84901]   WARN - #c.i.c.ComponentStoreImpl - Duplicated scheme Monokai Adapted - old: Monokai Adapted, new Monokai Adapted
2023-01-23 12:01:17,784 [  87649]   WARN - #c.i.c.ComponentStoreImpl - Duplicated scheme IntelliJ Light - old: IntelliJ Light, new IntelliJ Light
2023-01-23 12:01:17,785 [  87650]   WARN - #c.i.c.ComponentStoreImpl - Duplicated scheme High contrast - old: High contrast, new High contrast
2023-01-23 12:01:17,785 [  87650]   WARN - #c.i.c.ComponentStoreImpl - Duplicated scheme New Dark - old: New Dark, new New Dark
2023-01-23 12:01:17,785 [  87650]   WARN - #c.i.c.ComponentStoreImpl - Duplicated scheme Dark - old: Dark, new Dark
2023-01-23 12:01:17,786 [  87651]   WARN - #c.i.c.ComponentStoreImpl - Duplicated scheme Light - old: Light, new Light
2023-01-23 12:01:17,786 [  87651]   WARN - #c.i.c.ComponentStoreImpl - Duplicated scheme Monokai Adapted - old: Monokai Adapted, new Monokai Adapted
2023-01-23 12:01:17,788 [  87653]   WARN - #c.i.c.ComponentStoreImpl - Duplicated scheme Atom One Dark - old: Atom One Dark, new Atom One Dark
2023-01-23 12:02:27,730 [ 157595]   WARN - #c.i.o.o.e.ConfigurableCardPanel - auto-dispose 'Plugins' id=preferences.pluginManager
2023-01-23 12:02:29,471 [ 159336] SEVERE - #c.i.o.v.n.RefreshQueueImpl - null
org.jetbrains.concurrency.AsyncPromise$Companion$CANCELED$1
2023-01-23 12:02:29,472 [ 159337] SEVERE - #c.i.o.v.n.RefreshQueueImpl - IntelliJ IDEA 2022.3.1  Build #IC-223.8214.52
2023-01-23 12:02:29,472 [ 159337] SEVERE - #c.i.o.v.n.RefreshQueueImpl - JDK: 17.0.6; VM: OpenJDK 64-Bit Server VM; Vendor: N/A
2023-01-23 12:02:29,472 [ 159337] SEVERE - #c.i.o.v.n.RefreshQueueImpl - OS: Linux
OpenJDK 64-Bit Server VM warning: Archived non-system classes are disabled because the java.system.class.loader property is specified (value = "com.intellij.util.lang.PathClassLoader"). To use archived non-system classes, this property must not be set
CompileCommand: exclude com/intellij/openapi/vfs/impl/FilePartNodeRoot.trieDescend bool exclude = true
2023-01-23 12:03:24,653 [    409]   WARN - #c.i.o.e.i.FontFamilyServiceImpl - Couldn't access required runtime API, will fall back to basic logic of font selection
2023-01-23 12:03:25,529 [   1285]   WARN - #c.i.u.j.JBCefApp - JCEF runtime library is not a JBR module (Use JBR bundled with the IDE)
2023-01-23 12:03:25,778 [   1534]   WARN - #c.i.e.RunManager - Must be not called before project components initialized
2023-01-23 12:03:26,908 [   2664]   WARN - #c.i.o.a.i.ActionUpdater - 356 ms to grab EDT for ToolWindowHeader$2#update@ToolwindowTitle (com.intellij.toolWindow.ToolWindowHeader$2)
2023-01-23 12:03:36,171 [  11927]   WARN - #c.i.o.o.e.ConfigurableExtensionPointUtil - ignore deprecated groupId: language for id: preferences.language.Kotlin.scripting
2023-01-23 12:03:36,544 [  12300]   WARN - #c.i.o.o.n.SettingsTreeView$MyBuilder - 'AbstractTreeBuilder' is going to be dropped soon and must not be used
com.intellij.diagnostic.PluginException: 'AbstractTreeBuilder' is going to be dropped soon and must not be used
	at com.intellij.diagnostic.PluginProblemReporterImpl.createPluginExceptionByClass(PluginProblemReporterImpl.java:23)
	at com.intellij.diagnostic.PluginException.createByClass(PluginException.java:83)
	at com.intellij.ide.util.treeView.AbstractTreeBuilder.<init>(AbstractTreeBuilder.java:60)
	at com.intellij.ide.util.treeView.AbstractTreeBuilder.<init>(AbstractTreeBuilder.java:55)
	at com.intellij.ide.util.treeView.AbstractTreeBuilder.<init>(AbstractTreeBuilder.java:47)
	at com.intellij.ui.treeStructure.filtered.FilteringTreeBuilder.<init>(FilteringTreeBuilder.java:46)
	at com.intellij.openapi.options.newEditor.SettingsTreeView$MyBuilder.<init>(SettingsTreeView.java:931)
	at com.intellij.openapi.options.newEditor.SettingsTreeView.<init>(SettingsTreeView.java:174)
	at com.intellij.openapi.options.newEditor.SettingsDialog.treeViewFactory(SettingsDialog.java:89)
	at com.intellij.openapi.options.newEditor.SettingsEditor.<init>(SettingsEditor.java:194)
	at com.intellij.openapi.options.newEditor.SettingsDialog.<init>(SettingsDialog.java:65)
	at com.intellij.openapi.options.newEditor.SettingsDialogFactory.create(SettingsDialogFactory.java:38)
	at com.intellij.ide.actions.ShowSettingsUtilImpl.getDialog(ShowSettingsUtilImpl.java:39)
	at com.intellij.ide.actions.ShowSettingsUtilImpl.showSettingsDialog(ShowSettingsUtilImpl.java:90)
	at com.intellij.ide.actions.ShowSettingsAction.perform(ShowSettingsAction.java:60)
	at com.intellij.ide.actions.ShowSettingsAction.actionPerformed(ShowSettingsAction.java:47)
	at com.intellij.openapi.actionSystem.ex.ActionUtil.doPerformActionOrShowPopup(ActionUtil.java:323)
	at com.intellij.openapi.actionSystem.ex.ActionUtil.lambda$performActionDumbAwareWithCallbacks$4(ActionUtil.java:302)
	at com.intellij.openapi.actionSystem.ex.ActionUtil.performDumbAwareWithCallbacks(ActionUtil.java:346)
	at com.intellij.openapi.actionSystem.ex.ActionUtil.performActionDumbAwareWithCallbacks(ActionUtil.java:302)
	at com.intellij.openapi.actionSystem.impl.ActionMenuItem.lambda$performAction$5(ActionMenuItem.java:296)
	at com.intellij.openapi.wm.impl.FocusManagerImpl.runOnOwnContext(FocusManagerImpl.java:226)
	at com.intellij.openapi.actionSystem.impl.ActionMenuItem.performAction(ActionMenuItem.java:289)
	at com.intellij.openapi.actionSystem.impl.ActionMenuItem.lambda$new$0(ActionMenuItem.java:64)
	at java.desktop/javax.swing.AbstractButton.fireActionPerformed(AbstractButton.java:1972)
	at com.intellij.openapi.actionSystem.impl.ActionMenuItem.lambda$fireActionPerformed$4(ActionMenuItem.java:111)
	at com.intellij.openapi.application.TransactionGuardImpl.performActivity(TransactionGuardImpl.java:105)
	at com.intellij.openapi.application.TransactionGuardImpl.performUserActivity(TransactionGuardImpl.java:94)
	at com.intellij.openapi.actionSystem.impl.ActionMenuItem.fireActionPerformed(ActionMenuItem.java:111)
	at com.intellij.ui.plaf.beg.BegMenuItemUI.doClick(BegMenuItemUI.java:526)
	at com.intellij.ui.plaf.beg.BegMenuItemUI$MyMouseInputHandler.mouseReleased(BegMenuItemUI.java:558)
	at java.desktop/java.awt.Component.processMouseEvent(Component.java:6626)
	at java.desktop/javax.swing.JComponent.processMouseEvent(JComponent.java:3389)
	at java.desktop/java.awt.Component.processEvent(Component.java:6391)
	at java.desktop/java.awt.Container.processEvent(Container.java:2266)
	at java.desktop/java.awt.Component.dispatchEventImpl(Component.java:5001)
	at java.desktop/java.awt.Container.dispatchEventImpl(Container.java:2324)
	at java.desktop/java.awt.Component.dispatchEvent(Component.java:4833)
	at java.desktop/java.awt.LightweightDispatcher.retargetMouseEvent(Container.java:4948)
	at java.desktop/java.awt.LightweightDispatcher.processMouseEvent(Container.java:4575)
	at java.desktop/java.awt.LightweightDispatcher.dispatchEvent(Container.java:4516)
	at java.desktop/java.awt.Container.dispatchEventImpl(Container.java:2310)
	at java.desktop/java.awt.Window.dispatchEventImpl(Window.java:2780)
	at java.desktop/java.awt.Component.dispatchEvent(Component.java:4833)
	at java.desktop/java.awt.EventQueue.dispatchEventImpl(EventQueue.java:773)
	at java.desktop/java.awt.EventQueue$4.run(EventQueue.java:722)
	at java.desktop/java.awt.EventQueue$4.run(EventQueue.java:716)
	at java.base/java.security.AccessController.doPrivileged(AccessController.java:399)
	at java.base/java.security.ProtectionDomain$JavaSecurityAccessImpl.doIntersectionPrivilege(ProtectionDomain.java:86)
	at java.base/java.security.ProtectionDomain$JavaSecurityAccessImpl.doIntersectionPrivilege(ProtectionDomain.java:97)
	at java.desktop/java.awt.EventQueue$5.run(EventQueue.java:746)
	at java.desktop/java.awt.EventQueue$5.run(EventQueue.java:744)
	at java.base/java.security.AccessController.doPrivileged(AccessController.java:399)
	at java.base/java.security.ProtectionDomain$JavaSecurityAccessImpl.doIntersectionPrivilege(ProtectionDomain.java:86)
	at java.desktop/java.awt.EventQueue.dispatchEvent(EventQueue.java:743)
	at com.intellij.ide.IdeEventQueue.defaultDispatchEvent(IdeEventQueue.java:909)
	at com.intellij.ide.IdeEventQueue.dispatchMouseEvent(IdeEventQueue.java:831)
	at com.intellij.ide.IdeEventQueue._dispatchEvent(IdeEventQueue.java:753)
	at com.intellij.ide.IdeEventQueue.lambda$dispatchEvent$5(IdeEventQueue.java:437)
	at com.intellij.openapi.progress.impl.CoreProgressManager.computePrioritized(CoreProgressManager.java:772)
	at com.intellij.ide.IdeEventQueue.lambda$dispatchEvent$6(IdeEventQueue.java:436)
	at com.intellij.openapi.application.TransactionGuardImpl.performActivity(TransactionGuardImpl.java:113)
	at com.intellij.ide.IdeEventQueue.performActivity(IdeEventQueue.java:615)
	at com.intellij.ide.IdeEventQueue.lambda$dispatchEvent$7(IdeEventQueue.java:434)
	at com.intellij.openapi.application.impl.ApplicationImpl.runIntendedWriteActionOnCurrentThread(ApplicationImpl.java:813)
	at com.intellij.ide.IdeEventQueue.dispatchEvent(IdeEventQueue.java:480)
	at java.desktop/java.awt.EventDispatchThread.pumpOneEventForFilters(EventDispatchThread.java:203)
	at java.desktop/java.awt.EventDispatchThread.pumpEventsForFilter(EventDispatchThread.java:124)
	at java.desktop/java.awt.EventDispatchThread.pumpEventsForHierarchy(EventDispatchThread.java:113)
	at java.desktop/java.awt.EventDispatchThread.pumpEvents(EventDispatchThread.java:109)
	at java.desktop/java.awt.EventDispatchThread.pumpEvents(EventDispatchThread.java:101)
	at java.desktop/java.awt.EventDispatchThread.run(EventDispatchThread.java:90)
